simple-crop-image-lib/build/intermediates/manifest_merge_blame_file/release/manifest-merger-blame-release-report.txt
1<?xml version="1.0" encoding="utf-8"?>
2<manifest xmlns:android="http://schemas.android.com/apk/res/android"
3    package="eu.janmuller.android.simplecropimage"
4    android:versionCode="1"
5    android:versionName="1.0" >
6
7    <uses-sdk
8        android:minSdkVersion="18"
8-->CouncellorApp/simple-crop-image-lib/AndroidManifest.xml
9        android:targetSdkVersion="29" />
9-->CouncellorApp/simple-crop-image-lib/AndroidManifest.xml
10
11</manifest>